Flutter crash report; please file at https://github.com/flutter/flutter/issues.

## command

flutter build flx --suppress-analytics --target /home/rouill_a/Project/Spotitems/lib/main.dart --output-file /home/rouill_a/Project/Spotitems/build/app/intermediates/flutter/debug/app.flx --snapshot /home/rouill_a/Project/Spotitems/build/app/intermediates/flutter/debug/snapshot_blob.bin --depfile /home/rouill_a/Project/Spotitems/build/app/intermediates/flutter/debug/snapshot_blob.bin.d --working-dir /home/rouill_a/Project/Spotitems/build/app/intermediates/flutter/debug/flx

## exception

FileSystemException: FileSystemException: Directory listing failed, path = '/home/rouill_a/Project/Spotitems/lib/assets/' (OS Error: No such file or directory, errno = 2)

```
#0      _Directory._fillWithDirectoryListing (dart:io-patch/directory_patch.dart:28)
#1      _Directory.listSync (dart:io/directory_impl.dart:202)
#2      _LocalFileSystemEntity&ForwardingDirectory.listSync (package:file/src/forwarding/forwarding_directory.dart:43)
#3      _AssetDirectoryCache.variantsFor (package:flutter_tools/src/asset.dart:358)
#4      _parseAssets (package:flutter_tools/src/asset.dart:400)
#5      AssetBundle.build (package:flutter_tools/src/asset.dart:105)
<asynchronous suspension>
#6      assemble (package:flutter_tools/src/flx.dart:173)
<asynchronous suspension>
#7      build (package:flutter_tools/src/flx.dart:142)
<asynchronous suspension>
#8      BuildFlxCommand.runCommand (package:flutter_tools/src/commands/build_flx.dart:44)
<asynchronous suspension>
#9      FlutterCommand.verifyThenRunCommand (package:flutter_tools/src/runner/flutter_command.dart:220)
<asynchronous suspension>
#10     BuildSubCommand.verifyThenRunCommand (package:flutter_tools/src/commands/build.dart:50)
<asynchronous suspension>
#11     FlutterCommand.run (package:flutter_tools/src/runner/flutter_command.dart:162)
<asynchronous suspension>
#12     CommandRunner.runCommand (package:args/command_runner.dart:194)
<asynchronous suspension>
#13     FlutterCommandRunner.runCommand (package:flutter_tools/src/runner/flutter_command_runner.dart:277)
<asynchronous suspension>
#14     CommandRunner.run.<anonymous closure> (package:args/command_runner.dart:109)
#15     new Future.sync (dart:async/future.dart:222)
#16     CommandRunner.run (package:args/command_runner.dart:109)
#17     FlutterCommandRunner.run (package:flutter_tools/src/runner/flutter_command_runner.dart:161)
#18     run.<anonymous closure> (package:flutter_tools/executable.dart:142)
<asynchronous suspension>
#19     AppContext._run (package:flutter_tools/src/base/context.dart:76)
<asynchronous suspension>
#20     AppContext.runInZone.<anonymous closure> (package:flutter_tools/src/base/context.dart:66)
#21     _rootRun (dart:async/zone.dart:1120)
#22     _CustomZone.run (dart:async/zone.dart:1001)
#23     runZoned (dart:async/zone.dart:1467)
#24     AppContext.runInZone (package:flutter_tools/src/base/context.dart:65)
#25     run (package:flutter_tools/executable.dart:114)
<asynchronous suspension>
#26     main (package:flutter_tools/executable.dart:67)
<asynchronous suspension>
#27     main (file:///home/rouill_a/bin/flutter/packages/flutter_tools/bin/flutter_tools.dart:16)
#28     _startIsolate.<anonymous closure> (dart:isolate-patch/isolate_patch.dart:263)
#29     _RawReceivePortImpl._handleMessage (dart:isolate-patch/isolate_patch.dart:151)
```

## flutter doctor

```
[✓] Flutter (on Linux, locale en_US.UTF-8, channel master)
    • Flutter at /home/rouill_a/bin/flutter
    • Framework revision f1f5d4f3a8 (4 hours ago), 2017-08-11 10:38:12 +0200
    • Engine revision fef7d827d6
    • Tools Dart version 1.25.0-dev.9.0

[✓] Android toolchain - develop for Android devices (Android SDK 26.0.1)
    • Android SDK at /opt/android-sdk
    • Platform android-26, build-tools 26.0.1
    • ANDROID_HOME = /opt/android-sdk
    • Java binary at: /opt/android-studio/jre/bin/java
    • Java version OpenJDK Runtime Environment (build 1.8.0_112-release-b06)

[✓] Android Studio (version 2.3)
    • Android Studio at /opt/android-studio
    • Java version OpenJDK Runtime Environment (build 1.8.0_112-release-b06)

[✓] Connected devices
    • Android SDK built for x86 • emulator-5554 • android-x86 • Android 7.0 (API 24) (emulator)

```
